2023-03-28 12:31:28.869 [JavaFX Application Thread] DEBUG it.unipi.mainproject.sushideliveryservice.LoginController - login
2023-03-28 12:32:22.064 [Thread-3] DEBUG it.unipi.mainproject.sushideliveryservice.LoginController - "Login avvenuto con successo!"
2023-03-28 12:32:22.084 [JavaFX Application Thread] INFO  it.unipi.mainproject.sushideliveryservice.MenuController - Inizializzo la scene con utente: Username: test mail: test@testmail.com punti: 0
2023-03-28 12:40:06.153 [JavaFX Application Thread] DEBUG it.unipi.mainproject.sushideliveryservice.LoginController - login
2023-03-28 12:40:51.899 [Thread-3] ERROR it.unipi.mainproject.sushideliveryservice.LoginController - Connection refused: connect
2023-03-28 12:41:06.423 [JavaFX Application Thread] DEBUG it.unipi.mainproject.sushideliveryservice.LoginController - login
2023-03-28 12:42:00.452 [Thread-4] ERROR it.unipi.mainproject.sushideliveryservice.LoginController - Connection refused: connect
2023-03-28 12:43:09.304 [JavaFX Application Thread] DEBUG it.unipi.mainproject.sushideliveryservice.LoginController - login
2023-03-28 12:43:46.022 [Thread-5] DEBUG it.unipi.mainproject.sushideliveryservice.LoginController - "Login avvenuto con successo!"
2023-03-28 12:43:46.040 [JavaFX Application Thread] INFO  it.unipi.mainproject.sushideliveryservice.MenuController - Inizializzo la scene con utente: Username: test mail: test@testmail.com punti: 0
2023-03-28 12:57:58.622 [JavaFX Application Thread] DEBUG it.unipi.mainproject.sushideliveryservice.LoginController - login
2023-03-28 12:58:03.166 [Thread-3] DEBUG it.unipi.mainproject.sushideliveryservice.LoginController - "Login avvenuto con successo!"
2023-03-28 12:58:03.189 [JavaFX Application Thread] INFO  it.unipi.mainproject.sushideliveryservice.MenuController - Inizializzo la scene con utente: Username: test mail: test@testmail.com punti: 0
2023-03-28 12:58:07.250 [JavaFX Application Thread] INFO  it.unipi.mainproject.sushideliveryservice.MenuController - Scelta cena
2023-03-28 12:58:07.355 [Thread-5] INFO  it.unipi.mainproject.sushideliveryservice.DishTableController - "(Preferiti) Dati recuperati con successo!"
2023-03-28 12:58:30.230 [Thread-4] INFO  it.unipi.mainproject.sushideliveryservice.DishTableController - "(Menu) Dati recuperati con successo!"
2023-03-28 13:08:23.336 [JavaFX Application Thread] DEBUG it.unipi.mainproject.sushideliveryservice.LoginController - login
2023-03-28 13:08:23.653 [Thread-3] DEBUG it.unipi.mainproject.sushideliveryservice.LoginController - "Login avvenuto con successo!"
2023-03-28 13:08:23.671 [JavaFX Application Thread] INFO  it.unipi.mainproject.sushideliveryservice.MenuController - Inizializzo la scene con utente: Username: test mail: test@testmail.com punti: 0
2023-03-28 13:08:25.467 [JavaFX Application Thread] INFO  it.unipi.mainproject.sushideliveryservice.MenuController - Scelta cena
2023-03-28 13:08:25.528 [Thread-5] INFO  it.unipi.mainproject.sushideliveryservice.DishTableController - "(Preferiti) Dati recuperati con successo!"
2023-03-28 13:08:25.558 [Thread-4] INFO  it.unipi.mainproject.sushideliveryservice.DishTableController - "(Menu) Dati recuperati con successo!"
2023-03-28 13:10:53.275 [JavaFX Application Thread] INFO  it.unipi.mainproject.sushideliveryservice.DishTableController - 
Carrello: [4.95 €] [0 pts]
Username: test mail: test@testmail.com punti: 0
Piatto [37|Hosomaki Granchio]
2023-03-28 13:10:54.677 [JavaFX Application Thread] INFO  it.unipi.mainproject.sushideliveryservice.DishTableController - 
Carrello: [11.0 €] [0 pts]
Username: test mail: test@testmail.com punti: 0
Piatto [37|Hosomaki Granchio]
Piatto [40|Hosomaki Fritto con Mango]
2023-03-28 13:11:03.418 [Thread-6] INFO  it.unipi.mainproject.sushideliveryservice.OrderConfirmationController - "C'è disponibilità con gli orari!" - 20:30
2023-03-28 13:11:13.932 [Thread-7] INFO  it.unipi.mainproject.sushideliveryservice.OrderConfirmationController - Ordine registrato, punti acquisiti: 0
2023-03-28 15:56:28.378 [JavaFX Application Thread] INFO  it.unipi.mainproject.sushideliveryservice.LoginController - Language swap to EN
2023-03-28 15:56:35.202 [JavaFX Application Thread] DEBUG it.unipi.mainproject.sushideliveryservice.LoginController - login
2023-03-28 15:56:36.338 [Thread-3] DEBUG it.unipi.mainproject.sushideliveryservice.LoginController - "Login avvenuto con successo!"
2023-03-28 15:56:36.394 [JavaFX Application Thread] INFO  it.unipi.mainproject.sushideliveryservice.MenuController - Inizializzo la scene con utente: Username: test mail: test@testmail.com punti: 0
2023-03-28 15:59:59.190 [JavaFX Application Thread] INFO  it.unipi.mainproject.sushideliveryservice.MenuController - Scelta cena
2023-03-28 15:59:59.369 [Thread-5] INFO  it.unipi.mainproject.sushideliveryservice.DishTableController - "(Preferiti) Dati recuperati con successo!"
2023-03-28 15:59:59.402 [Thread-4] INFO  it.unipi.mainproject.sushideliveryservice.DishTableController - "(Menu) Dati recuperati con successo!"
2023-03-28 16:00:24.344 [JavaFX Application Thread] INFO  it.unipi.mainproject.sushideliveryservice.DishTableController - 
Carrello: [5.5 €] [0 pts]
Username: test mail: test@testmail.com punti: 0
Piatto [4|Involtini Ebi - 3 pezzi]
2023-03-28 16:00:26.698 [JavaFX Application Thread] INFO  it.unipi.mainproject.sushideliveryservice.DishTableController - 
Carrello: [12.1 €] [0 pts]
Username: test mail: test@testmail.com punti: 0
Piatto [4|Involtini Ebi - 3 pezzi]
Piatto [6|Tako seaweed]
2023-03-28 16:00:32.010 [JavaFX Application Thread] INFO  it.unipi.mainproject.sushideliveryservice.DishTableController - 
Carrello: [19.85 €] [1 pts]
Username: test mail: test@testmail.com punti: 0
Piatto [4|Involtini Ebi - 3 pezzi]
Piatto [6|Tako seaweed]
Piatto [43|Uramaki California - 8 pezzi]
2023-03-28 16:59:16.543 [JavaFX Application Thread] INFO  it.unipi.mainproject.sushideliveryservice.LoginController - Language swap to IT
2023-03-28 16:59:27.957 [JavaFX Application Thread] INFO  it.unipi.mainproject.sushideliveryservice.LoginController - Language swap to EN
2023-03-28 16:59:34.979 [JavaFX Application Thread] DEBUG it.unipi.mainproject.sushideliveryservice.LoginController - login
2023-03-28 16:59:35.348 [Thread-3] DEBUG it.unipi.mainproject.sushideliveryservice.LoginController - "Login avvenuto con successo!"
2023-03-28 16:59:35.410 [JavaFX Application Thread] INFO  it.unipi.mainproject.sushideliveryservice.MenuController - Inizializzo la scene con utente: Username: test mail: test@testmail.com punti: 0
2023-03-28 16:59:41.241 [JavaFX Application Thread] INFO  it.unipi.mainproject.sushideliveryservice.LoginController - Language swap to EN
2023-03-28 17:59:46.828 [JavaFX Application Thread] INFO  it.unipi.mainproject.sushideliveryservice.LoginController - Language swap to IT
2023-03-28 17:59:49.788 [JavaFX Application Thread] INFO  it.unipi.mainproject.sushideliveryservice.LoginController - Language swap to EN
2023-03-28 17:59:57.250 [JavaFX Application Thread] INFO  it.unipi.mainproject.sushideliveryservice.LoginController - register
2023-03-28 18:00:02.297 [JavaFX Application Thread] INFO  it.unipi.mainproject.sushideliveryservice.LoginController - Language swap to EN
2023-03-28 18:00:19.768 [JavaFX Application Thread] DEBUG it.unipi.mainproject.sushideliveryservice.LoginController - login
2023-03-28 18:00:20.147 [Thread-3] DEBUG it.unipi.mainproject.sushideliveryservice.LoginController - "Login avvenuto con successo!"
2023-03-28 18:00:20.186 [JavaFX Application Thread] INFO  it.unipi.mainproject.sushideliveryservice.MenuController - Inizializzo la scene con utente: Username: test mail: test@testmail.com punti: 0
2023-03-28 19:04:41.177 [JavaFX Application Thread] INFO  it.unipi.mainproject.sushideliveryservice.LoginController - Language swap to IT
2023-03-28 19:04:52.010 [JavaFX Application Thread] INFO  it.unipi.mainproject.sushideliveryservice.LoginController - Language swap to EN
2023-03-28 19:04:56.764 [JavaFX Application Thread] DEBUG it.unipi.mainproject.sushideliveryservice.LoginController - login
2023-03-28 19:04:56.880 [Thread-3] DEBUG it.unipi.mainproject.sushideliveryservice.LoginController - "Login avvenuto con successo!"
2023-03-28 19:04:56.900 [JavaFX Application Thread] INFO  it.unipi.mainproject.sushideliveryservice.MenuController - Inizializzo la scene con utente: Username: test mail: test@testmail.com punti: 0
2023-03-28 19:04:58.773 [JavaFX Application Thread] INFO  it.unipi.mainproject.sushideliveryservice.MenuController - Scelta cena
2023-03-28 19:04:58.833 [Thread-5] INFO  it.unipi.mainproject.sushideliveryservice.DishTableController - "(Preferiti) Dati recuperati con successo!"
2023-03-28 19:04:58.837 [Thread-4] INFO  it.unipi.mainproject.sushideliveryservice.DishTableController - "(Menu) Dati recuperati con successo!"
2023-03-28 19:05:05.573 [JavaFX Application Thread] INFO  it.unipi.mainproject.sushideliveryservice.DishTableController - 
Carrello: [3.3 €] [0 pts]
Username: test mail: test@testmail.com punti: 0
Piatto [8|Gyoza alla piastra - 3 pezzi]
2023-03-28 19:05:07.659 [JavaFX Application Thread] INFO  it.unipi.mainproject.sushideliveryservice.DishTableController - 
Carrello: [0.0 €] [0 pts]
Username: test mail: test@testmail.com punti: 0
2023-03-28 19:40:24.636 [JavaFX Application Thread] INFO  it.unipi.mainproject.sushideliveryservice.LoginController - Language swap to IT
2023-03-28 19:40:31.090 [JavaFX Application Thread] INFO  it.unipi.mainproject.sushideliveryservice.LoginController - Language swap to EN
2023-03-28 19:40:32.238 [JavaFX Application Thread] DEBUG it.unipi.mainproject.sushideliveryservice.LoginController - login
2023-03-28 19:40:32.349 [Thread-3] DEBUG it.unipi.mainproject.sushideliveryservice.LoginController - "Login avvenuto con successo!"
2023-03-28 19:40:32.373 [JavaFX Application Thread] INFO  it.unipi.mainproject.sushideliveryservice.MenuController - Inizializzo la scene con utente: Username: test mail: test@testmail.com punti: 0
2023-03-28 19:40:33.715 [JavaFX Application Thread] INFO  it.unipi.mainproject.sushideliveryservice.MenuController - Scelta cena
2023-03-28 19:40:33.780 [Thread-4] INFO  it.unipi.mainproject.sushideliveryservice.DishTableController - "(Menu) Dati recuperati con successo!"
2023-03-28 19:40:33.810 [Thread-5] INFO  it.unipi.mainproject.sushideliveryservice.DishTableController - "(Preferiti) Dati recuperati con successo!"
2023-03-28 19:40:39.424 [JavaFX Application Thread] INFO  it.unipi.mainproject.sushideliveryservice.DishTableController - 
Carrello: [55.2 €] [3 pts]
Username: test mail: test@testmail.com punti: 0
Piatto [26|Sushi Party Mix - 64 pezzi]
2023-03-28 19:40:55.643 [Thread-6] INFO  it.unipi.mainproject.sushideliveryservice.OrderConfirmationController - "C'è disponibilità con gli orari!" - 19:15
2023-03-28 19:43:34.653 [Thread-7] INFO  it.unipi.mainproject.sushideliveryservice.OrderConfirmationController - Ordine registrato, punti acquisiti: 3
2023-03-28 19:49:09.649 [JavaFX Application Thread] INFO  it.unipi.mainproject.sushideliveryservice.LoginController - Language swap to IT
2023-03-28 19:49:11.230 [JavaFX Application Thread] DEBUG it.unipi.mainproject.sushideliveryservice.LoginController - login
2023-03-28 19:49:13.755 [JavaFX Application Thread] INFO  it.unipi.mainproject.sushideliveryservice.LoginController - Language swap to EN
2023-03-28 19:49:43.942 [JavaFX Application Thread] DEBUG it.unipi.mainproject.sushideliveryservice.LoginController - login
2023-03-28 19:49:53.099 [JavaFX Application Thread] DEBUG it.unipi.mainproject.sushideliveryservice.LoginController - login
2023-03-28 19:49:53.212 [Thread-3] DEBUG it.unipi.mainproject.sushideliveryservice.LoginController - "Login avvenuto con successo!"
2023-03-28 19:49:53.235 [JavaFX Application Thread] INFO  it.unipi.mainproject.sushideliveryservice.MenuController - Inizializzo la scene con utente: Username: test mail: test@testmail.com punti: 3
2023-03-28 19:49:56.423 [JavaFX Application Thread] INFO  it.unipi.mainproject.sushideliveryservice.MenuController - Scelta cena
2023-03-28 19:49:56.486 [Thread-5] INFO  it.unipi.mainproject.sushideliveryservice.DishTableController - "(Preferiti) Dati recuperati con successo!"
2023-03-28 19:49:56.494 [Thread-4] INFO  it.unipi.mainproject.sushideliveryservice.DishTableController - "(Menu) Dati recuperati con successo!"
2023-03-28 19:50:02.454 [JavaFX Application Thread] INFO  it.unipi.mainproject.sushideliveryservice.DishTableController - 
Carrello: [6.6 €] [0 pts]
Username: test mail: test@testmail.com punti: 3
Piatto [6|Tako seaweed]
2023-03-28 19:50:32.135 [Thread-6] INFO  it.unipi.mainproject.sushideliveryservice.OrderConfirmationController - "C'è disponibilità con gli orari!" - 20:00
2023-03-28 19:51:00.977 [JavaFX Application Thread] INFO  it.unipi.mainproject.sushideliveryservice.OrderConfirmationController - Valore non valido inserito
2023-03-28 19:52:05.325 [Thread-7] INFO  it.unipi.mainproject.sushideliveryservice.OrderConfirmationController - Ordine registrato, punti acquisiti: -2
2023-03-28 19:55:35.381 [JavaFX Application Thread] INFO  it.unipi.mainproject.sushideliveryservice.LoginController - Language swap to IT
2023-03-28 19:55:44.793 [JavaFX Application Thread] INFO  it.unipi.mainproject.sushideliveryservice.LoginController - register
2023-03-28 19:58:09.131 [JavaFX Application Thread] INFO  it.unipi.mainproject.sushideliveryservice.LoginController - Language swap to IT
2023-03-28 20:17:45.353 [JavaFX Application Thread] INFO  it.unipi.mainproject.sushideliveryservice.LoginController - Language swap to EN
2023-03-28 20:17:46.863 [JavaFX Application Thread] INFO  it.unipi.mainproject.sushideliveryservice.LoginController - register
2023-03-28 20:17:52.329 [JavaFX Application Thread] INFO  it.unipi.mainproject.sushideliveryservice.LoginController - Language swap to EN
