2023-03-23 00:27:02.418 [JavaFX Application Thread] DEBUG it.unipi.mainproject.sushideliveryservice.LoginController - login
2023-03-23 00:27:03.167 [Thread-3] DEBUG it.unipi.mainproject.sushideliveryservice.LoginController - "Login avvenuto con successo!"
2023-03-23 00:27:03.216 [JavaFX Application Thread] INFO  it.unipi.mainproject.sushideliveryservice.MenuController - Inizializzo la scene con utente: Username: Lorenzo mail: monacilorenzo@hotmail.com punti: 0
2023-03-23 00:27:04.398 [JavaFX Application Thread] INFO  it.unipi.mainproject.sushideliveryservice.MenuController - Scelta cena
2023-03-23 00:27:04.508 [Thread-5] INFO  it.unipi.mainproject.sushideliveryservice.DishTableController - "(Preferiti) Dati recuperati con successo!"
2023-03-23 00:27:04.512 [Thread-4] INFO  it.unipi.mainproject.sushideliveryservice.DishTableController - "(Menu) Dati recuperati con successo!"
2023-03-23 00:27:59.533 [Thread-7] INFO  it.unipi.mainproject.sushideliveryservice.DishTableController - "Dati rimossi correttamente!"
2023-03-23 00:28:06.710 [Thread-8] INFO  it.unipi.mainproject.sushideliveryservice.DishTableController - "Dati inseriti correttamente!"
2023-03-23 00:29:22.031 [JavaFX Application Thread] DEBUG it.unipi.mainproject.sushideliveryservice.LoginController - login
2023-03-23 00:29:22.712 [Thread-3] DEBUG it.unipi.mainproject.sushideliveryservice.LoginController - "Login avvenuto con successo!"
2023-03-23 00:29:22.758 [JavaFX Application Thread] INFO  it.unipi.mainproject.sushideliveryservice.MenuController - Inizializzo la scene con utente: Username: Lorenzo mail: monacilorenzo@hotmail.com punti: 0
2023-03-23 00:29:23.749 [JavaFX Application Thread] INFO  it.unipi.mainproject.sushideliveryservice.MenuController - Scelta cena
2023-03-23 00:29:23.860 [Thread-5] INFO  it.unipi.mainproject.sushideliveryservice.DishTableController - "(Preferiti) Dati recuperati con successo!"
2023-03-23 00:29:23.864 [Thread-4] INFO  it.unipi.mainproject.sushideliveryservice.DishTableController - "(Menu) Dati recuperati con successo!"
2023-03-23 00:29:33.952 [Thread-7] INFO  it.unipi.mainproject.sushideliveryservice.DishTableController - "Dati inseriti correttamente!"
2023-03-23 00:29:35.132 [Thread-8] INFO  it.unipi.mainproject.sushideliveryservice.DishTableController - "Dati inseriti correttamente!"
2023-03-23 00:29:36.276 [Thread-9] INFO  it.unipi.mainproject.sushideliveryservice.DishTableController - "Dati inseriti correttamente!"
2023-03-23 00:29:45.422 [Thread-10] INFO  it.unipi.mainproject.sushideliveryservice.DishTableController - "Dati inseriti correttamente!"
2023-03-23 00:29:55.243 [Thread-12] INFO  it.unipi.mainproject.sushideliveryservice.DishTableController - "Dati rimossi correttamente!"
2023-03-23 00:29:56.690 [Thread-13] INFO  it.unipi.mainproject.sushideliveryservice.DishTableController - "Dati inseriti correttamente!"
2023-03-23 00:36:55.870 [JavaFX Application Thread] DEBUG it.unipi.mainproject.sushideliveryservice.LoginController - login
2023-03-23 00:37:03.510 [JavaFX Application Thread] DEBUG it.unipi.mainproject.sushideliveryservice.LoginController - login
2023-03-23 00:37:03.711 [Thread-4] DEBUG it.unipi.mainproject.sushideliveryservice.LoginController - "Login avvenuto con successo!"
2023-03-23 00:37:03.761 [JavaFX Application Thread] INFO  it.unipi.mainproject.sushideliveryservice.MenuController - Inizializzo la scene con utente: Username: Lorenzo mail: monacilorenzo@hotmail.com punti: 0
2023-03-23 00:37:04.825 [JavaFX Application Thread] INFO  it.unipi.mainproject.sushideliveryservice.MenuController - Scelta cena
2023-03-23 00:37:04.937 [Thread-6] INFO  it.unipi.mainproject.sushideliveryservice.DishTableController - "(Preferiti) Dati recuperati con successo!"
2023-03-23 00:37:04.954 [Thread-5] INFO  it.unipi.mainproject.sushideliveryservice.DishTableController - "(Menu) Dati recuperati con successo!"
2023-03-23 00:37:11.014 [JavaFX Application Thread] INFO  it.unipi.mainproject.sushideliveryservice.DishTableController - 
Carrello: [3.3 €] [0 pts]
Username: Lorenzo mail: monacilorenzo@hotmail.com punti: 0
Piatto [9|Gyoza di gamberi alla griglia - 3 pezzi]
2023-03-23 00:37:12.087 [JavaFX Application Thread] INFO  it.unipi.mainproject.sushideliveryservice.DishTableController - 
Carrello: [6.5 €] [0 pts]
Username: Lorenzo mail: monacilorenzo@hotmail.com punti: 0
Piatto [9|Gyoza di gamberi alla griglia - 3 pezzi]
Piatto [14|Onigiri Alga]
2023-03-23 00:37:12.931 [JavaFX Application Thread] INFO  it.unipi.mainproject.sushideliveryservice.DishTableController - 
Carrello: [10.1 €] [0 pts]
Username: Lorenzo mail: monacilorenzo@hotmail.com punti: 0
Piatto [9|Gyoza di gamberi alla griglia - 3 pezzi]
Piatto [14|Onigiri Alga]
Piatto [16|Onigiri Philadelphia]
2023-03-23 00:37:13.727 [JavaFX Application Thread] INFO  it.unipi.mainproject.sushideliveryservice.DishTableController - 
Carrello: [13.7 €] [0 pts]
Username: Lorenzo mail: monacilorenzo@hotmail.com punti: 0
Piatto [9|Gyoza di gamberi alla griglia - 3 pezzi]
Piatto [14|Onigiri Alga]
Piatto [16|Onigiri Philadelphia]
Piatto [18|Onigiri Ebi]
2023-03-23 01:09:21.801 [JavaFX Application Thread] DEBUG it.unipi.mainproject.sushideliveryservice.LoginController - login
2023-03-23 01:09:22.133 [Thread-3] DEBUG it.unipi.mainproject.sushideliveryservice.LoginController - "Login avvenuto con successo!"
2023-03-23 01:09:22.195 [JavaFX Application Thread] INFO  it.unipi.mainproject.sushideliveryservice.MenuController - Inizializzo la scene con utente: Username: Lorenzo mail: monacilorenzo@hotmail.com punti: 0
2023-03-23 01:09:23.202 [JavaFX Application Thread] INFO  it.unipi.mainproject.sushideliveryservice.MenuController - Scelta cena
2023-03-23 01:09:23.300 [Thread-5] INFO  it.unipi.mainproject.sushideliveryservice.DishTableController - "(Preferiti) Dati recuperati con successo!"
2023-03-23 01:09:23.306 [Thread-4] INFO  it.unipi.mainproject.sushideliveryservice.DishTableController - "(Menu) Dati recuperati con successo!"
2023-03-23 01:09:27.038 [JavaFX Application Thread] INFO  it.unipi.mainproject.sushideliveryservice.DishTableController - 
Carrello: [5.5 €] [0 pts]
Username: Lorenzo mail: monacilorenzo@hotmail.com punti: 0
Piatto [3|Involtini Primavera - 3 pezzi]
2023-03-23 01:09:29.531 [JavaFX Application Thread] INFO  it.unipi.mainproject.sushideliveryservice.DishTableController - 
Carrello: [0.0 €] [0 pts]
Username: Lorenzo mail: monacilorenzo@hotmail.com punti: 0
2023-03-23 01:09:33.647 [JavaFX Application Thread] INFO  it.unipi.mainproject.sushideliveryservice.DishTableController - 
Carrello: [3.3 €] [0 pts]
Username: Lorenzo mail: monacilorenzo@hotmail.com punti: 0
Piatto [7|Gyoza al vapore - 3 pezzi]
2023-03-23 01:09:35.295 [JavaFX Application Thread] INFO  it.unipi.mainproject.sushideliveryservice.DishTableController - 
Carrello: [0.0 €] [0 pts]
Username: Lorenzo mail: monacilorenzo@hotmail.com punti: 0
2023-03-23 16:31:50.921 [JavaFX Application Thread] DEBUG it.unipi.mainproject.sushideliveryservice.LoginController - login
2023-03-23 16:31:51.274 [Thread-3] DEBUG it.unipi.mainproject.sushideliveryservice.LoginController - "Login avvenuto con successo!"
2023-03-23 16:31:51.302 [JavaFX Application Thread] INFO  it.unipi.mainproject.sushideliveryservice.MenuController - Inizializzo la scene con utente: Username: Lorenzo mail: monacilorenzo@hotmail.com punti: 0
2023-03-23 16:31:53.421 [JavaFX Application Thread] INFO  it.unipi.mainproject.sushideliveryservice.MenuController - Scelta cena
2023-03-23 16:31:53.542 [Thread-5] INFO  it.unipi.mainproject.sushideliveryservice.DishTableController - "(Preferiti) Dati recuperati con successo!"
2023-03-23 16:31:53.551 [Thread-4] INFO  it.unipi.mainproject.sushideliveryservice.DishTableController - "(Menu) Dati recuperati con successo!"
2023-03-23 16:32:07.767 [Thread-6] INFO  it.unipi.mainproject.sushideliveryservice.DishTableController - "Dati inseriti correttamente!"
2023-03-23 16:32:19.069 [JavaFX Application Thread] INFO  it.unipi.mainproject.sushideliveryservice.DishTableController - 
Carrello: [4.8 €] [0 pts]
Username: Lorenzo mail: monacilorenzo@hotmail.com punti: 0
Piatto [21|Gunkan spicy Tuna]
2023-03-23 16:32:23.056 [JavaFX Application Thread] INFO  it.unipi.mainproject.sushideliveryservice.DishTableController - 
Carrello: [8.1 €] [0 pts]
Username: Lorenzo mail: monacilorenzo@hotmail.com punti: 0
Piatto [21|Gunkan spicy Tuna]
Piatto [7|Gyoza al vapore - 3 pezzi]
2023-03-23 16:32:25.358 [JavaFX Application Thread] INFO  it.unipi.mainproject.sushideliveryservice.DishTableController - 
Carrello: [11.3 €] [0 pts]
Username: Lorenzo mail: monacilorenzo@hotmail.com punti: 0
Piatto [21|Gunkan spicy Tuna]
Piatto [7|Gyoza al vapore - 3 pezzi]
Piatto [14|Onigiri Alga]
2023-03-23 16:32:30.059 [JavaFX Application Thread] INFO  it.unipi.mainproject.sushideliveryservice.DishTableController - 
Carrello: [25.15 €] [1 pts]
Username: Lorenzo mail: monacilorenzo@hotmail.com punti: 0
Piatto [21|Gunkan spicy Tuna]
Piatto [7|Gyoza al vapore - 3 pezzi]
Piatto [14|Onigiri Alga]
Piatto [54|Tris di Tartare]
2023-03-23 16:32:43.844 [JavaFX Application Thread] INFO  it.unipi.mainproject.sushideliveryservice.MenuController - Inizializzo la scene con utente: Username: Lorenzo mail: monacilorenzo@hotmail.com punti: 0
2023-03-23 18:40:38.352 [JavaFX Application Thread] DEBUG it.unipi.mainproject.sushideliveryservice.LoginController - login
2023-03-23 18:40:38.719 [Thread-3] DEBUG it.unipi.mainproject.sushideliveryservice.LoginController - "Login avvenuto con successo!"
2023-03-23 18:40:38.773 [JavaFX Application Thread] INFO  it.unipi.mainproject.sushideliveryservice.MenuController - Inizializzo la scene con utente: Username: Lorenzo mail: monacilorenzo@hotmail.com punti: 0
2023-03-23 18:40:39.975 [JavaFX Application Thread] INFO  it.unipi.mainproject.sushideliveryservice.MenuController - Scelta cena
2023-03-23 18:40:40.165 [Thread-5] INFO  it.unipi.mainproject.sushideliveryservice.DishTableController - "(Preferiti) Dati recuperati con successo!"
2023-03-23 18:40:40.169 [Thread-4] INFO  it.unipi.mainproject.sushideliveryservice.DishTableController - "(Menu) Dati recuperati con successo!"
2023-03-23 18:40:46.618 [JavaFX Application Thread] INFO  it.unipi.mainproject.sushideliveryservice.DishTableController - 
Carrello: [6.6 €] [0 pts]
Username: Lorenzo mail: monacilorenzo@hotmail.com punti: 0
Piatto [6|Tako seaweed]
2023-03-23 18:48:12.639 [JavaFX Application Thread] DEBUG it.unipi.mainproject.sushideliveryservice.LoginController - login
2023-03-23 18:48:13.043 [Thread-3] DEBUG it.unipi.mainproject.sushideliveryservice.LoginController - "Login avvenuto con successo!"
2023-03-23 18:48:13.112 [JavaFX Application Thread] INFO  it.unipi.mainproject.sushideliveryservice.MenuController - Inizializzo la scene con utente: Username: Lorenzo mail: monacilorenzo@hotmail.com punti: 0
2023-03-23 18:48:15.206 [JavaFX Application Thread] INFO  it.unipi.mainproject.sushideliveryservice.MenuController - Scelta cena
2023-03-23 18:48:15.420 [Thread-5] INFO  it.unipi.mainproject.sushideliveryservice.DishTableController - "(Preferiti) Dati recuperati con successo!"
2023-03-23 18:48:15.428 [Thread-4] INFO  it.unipi.mainproject.sushideliveryservice.DishTableController - "(Menu) Dati recuperati con successo!"
2023-03-23 18:48:21.678 [JavaFX Application Thread] INFO  it.unipi.mainproject.sushideliveryservice.DishTableController - 
Carrello: [7.5 €] [0 pts]
Username: Lorenzo mail: monacilorenzo@hotmail.com punti: 0
Piatto [5|Misto Mare]
2023-03-23 18:57:30.770 [JavaFX Application Thread] DEBUG it.unipi.mainproject.sushideliveryservice.LoginController - login
2023-03-23 18:57:31.144 [Thread-3] DEBUG it.unipi.mainproject.sushideliveryservice.LoginController - "Login avvenuto con successo!"
2023-03-23 18:57:31.194 [JavaFX Application Thread] INFO  it.unipi.mainproject.sushideliveryservice.MenuController - Inizializzo la scene con utente: Username: Lorenzo mail: monacilorenzo@hotmail.com punti: 0
2023-03-23 18:57:32.256 [JavaFX Application Thread] INFO  it.unipi.mainproject.sushideliveryservice.MenuController - Scelta cena
2023-03-23 18:57:32.460 [Thread-5] INFO  it.unipi.mainproject.sushideliveryservice.DishTableController - "(Preferiti) Dati recuperati con successo!"
2023-03-23 18:57:32.463 [Thread-4] INFO  it.unipi.mainproject.sushideliveryservice.DishTableController - "(Menu) Dati recuperati con successo!"
2023-03-23 18:57:35.238 [JavaFX Application Thread] INFO  it.unipi.mainproject.sushideliveryservice.DishTableController - 
Carrello: [5.5 €] [0 pts]
Username: Lorenzo mail: monacilorenzo@hotmail.com punti: 0
Piatto [4|Involtini Ebi - 3 pezzi]
2023-03-23 18:57:37.300 [JavaFX Application Thread] INFO  it.unipi.mainproject.sushideliveryservice.DishTableController - 
Carrello: [13.0 €] [0 pts]
Username: Lorenzo mail: monacilorenzo@hotmail.com punti: 0
Piatto [4|Involtini Ebi - 3 pezzi]
Piatto [5|Misto Mare]
2023-03-23 19:04:35.027 [JavaFX Application Thread] DEBUG it.unipi.mainproject.sushideliveryservice.LoginController - login
2023-03-23 19:04:35.441 [Thread-3] DEBUG it.unipi.mainproject.sushideliveryservice.LoginController - "Login avvenuto con successo!"
2023-03-23 19:04:35.491 [JavaFX Application Thread] INFO  it.unipi.mainproject.sushideliveryservice.MenuController - Inizializzo la scene con utente: Username: Lorenzo mail: monacilorenzo@hotmail.com punti: 0
2023-03-23 19:04:36.731 [JavaFX Application Thread] INFO  it.unipi.mainproject.sushideliveryservice.MenuController - Scelto pranzo
2023-03-23 19:04:36.978 [Thread-5] INFO  it.unipi.mainproject.sushideliveryservice.DishTableController - "(Preferiti) Dati recuperati con successo!"
2023-03-23 19:04:36.981 [Thread-4] INFO  it.unipi.mainproject.sushideliveryservice.DishTableController - "(Menu) Dati recuperati con successo!"
2023-03-23 19:04:41.123 [JavaFX Application Thread] INFO  it.unipi.mainproject.sushideliveryservice.DishTableController - 
Carrello: [5.5 €] [0 pts]
Username: Lorenzo mail: monacilorenzo@hotmail.com punti: 0
Piatto [3|Involtini Primavera - 3 pezzi]
2023-03-23 19:04:44.291 [JavaFX Application Thread] INFO  it.unipi.mainproject.sushideliveryservice.DishTableController - 
Carrello: [8.8 €] [0 pts]
Username: Lorenzo mail: monacilorenzo@hotmail.com punti: 0
Piatto [3|Involtini Primavera - 3 pezzi]
Piatto [9|Gyoza di gamberi alla griglia - 3 pezzi]
2023-03-23 19:06:43.320 [JavaFX Application Thread] DEBUG it.unipi.mainproject.sushideliveryservice.OrderConfirmationController - Questo è un test
2023-03-23 19:22:35.872 [JavaFX Application Thread] DEBUG it.unipi.mainproject.sushideliveryservice.LoginController - login
2023-03-23 19:22:36.296 [Thread-3] DEBUG it.unipi.mainproject.sushideliveryservice.LoginController - "Login avvenuto con successo!"
2023-03-23 19:22:36.372 [JavaFX Application Thread] INFO  it.unipi.mainproject.sushideliveryservice.MenuController - Inizializzo la scene con utente: Username: Lorenzo mail: monacilorenzo@hotmail.com punti: 0
2023-03-23 19:22:37.430 [JavaFX Application Thread] INFO  it.unipi.mainproject.sushideliveryservice.MenuController - Scelta cena
2023-03-23 19:22:37.653 [Thread-5] INFO  it.unipi.mainproject.sushideliveryservice.DishTableController - "(Preferiti) Dati recuperati con successo!"
2023-03-23 19:22:37.661 [Thread-4] INFO  it.unipi.mainproject.sushideliveryservice.DishTableController - "(Menu) Dati recuperati con successo!"
2023-03-23 19:22:44.936 [JavaFX Application Thread] INFO  it.unipi.mainproject.sushideliveryservice.DishTableController - 
Carrello: [7.5 €] [0 pts]
Username: Lorenzo mail: monacilorenzo@hotmail.com punti: 0
Piatto [5|Misto Mare]
2023-03-23 19:22:47.531 [JavaFX Application Thread] INFO  it.unipi.mainproject.sushideliveryservice.DishTableController - 
Carrello: [12.3 €] [0 pts]
Username: Lorenzo mail: monacilorenzo@hotmail.com punti: 0
Piatto [5|Misto Mare]
Piatto [21|Gunkan spicy Tuna]
2023-03-23 20:05:33.261 [JavaFX Application Thread] DEBUG it.unipi.mainproject.sushideliveryservice.LoginController - login
2023-03-23 20:05:33.517 [Thread-3] DEBUG it.unipi.mainproject.sushideliveryservice.LoginController - "Login avvenuto con successo!"
2023-03-23 20:05:33.540 [JavaFX Application Thread] INFO  it.unipi.mainproject.sushideliveryservice.MenuController - Inizializzo la scene con utente: Username: Lorenzo mail: monacilorenzo@hotmail.com punti: 0
2023-03-23 20:05:35.464 [JavaFX Application Thread] INFO  it.unipi.mainproject.sushideliveryservice.MenuController - Scelta cena
2023-03-23 20:05:35.565 [Thread-5] INFO  it.unipi.mainproject.sushideliveryservice.DishTableController - "(Preferiti) Dati recuperati con successo!"
2023-03-23 20:05:35.567 [Thread-4] INFO  it.unipi.mainproject.sushideliveryservice.DishTableController - "(Menu) Dati recuperati con successo!"
2023-03-23 20:05:41.207 [JavaFX Application Thread] INFO  it.unipi.mainproject.sushideliveryservice.DishTableController - 
Carrello: [6.6 €] [0 pts]
Username: Lorenzo mail: monacilorenzo@hotmail.com punti: 0
Piatto [6|Tako seaweed]
2023-03-23 20:06:39.017 [Thread-6] INFO  it.unipi.mainproject.sushideliveryservice.OrderConfirmationController - "C'è disponibilità con gli orari!"
2023-03-23 20:31:53.361 [JavaFX Application Thread] DEBUG it.unipi.mainproject.sushideliveryservice.LoginController - login
2023-03-23 20:31:53.601 [Thread-3] DEBUG it.unipi.mainproject.sushideliveryservice.LoginController - "Login avvenuto con successo!"
2023-03-23 20:31:53.626 [JavaFX Application Thread] INFO  it.unipi.mainproject.sushideliveryservice.MenuController - Inizializzo la scene con utente: Username: Lorenzo mail: monacilorenzo@hotmail.com punti: 0
2023-03-23 20:31:54.845 [JavaFX Application Thread] INFO  it.unipi.mainproject.sushideliveryservice.MenuController - Scelta cena
2023-03-23 20:31:54.940 [Thread-5] INFO  it.unipi.mainproject.sushideliveryservice.DishTableController - "(Preferiti) Dati recuperati con successo!"
2023-03-23 20:31:54.942 [Thread-4] INFO  it.unipi.mainproject.sushideliveryservice.DishTableController - "(Menu) Dati recuperati con successo!"
2023-03-23 20:31:58.826 [JavaFX Application Thread] INFO  it.unipi.mainproject.sushideliveryservice.DishTableController - 
Carrello: [5.5 €] [0 pts]
Username: Lorenzo mail: monacilorenzo@hotmail.com punti: 0
Piatto [3|Involtini Primavera - 3 pezzi]
2023-03-23 20:32:04.740 [Thread-7] INFO  it.unipi.mainproject.sushideliveryservice.DishTableController - "(Preferiti) Dati recuperati con successo!"
2023-03-23 20:32:04.743 [Thread-6] INFO  it.unipi.mainproject.sushideliveryservice.DishTableController - "(Menu) Dati recuperati con successo!"
2023-03-23 20:32:32.495 [JavaFX Application Thread] INFO  it.unipi.mainproject.sushideliveryservice.DishTableController - 
Carrello: [7.5 €] [0 pts]
Username: Lorenzo mail: monacilorenzo@hotmail.com punti: 0
Piatto [5|Misto Mare]
2023-03-23 20:32:38.224 [Thread-8] INFO  it.unipi.mainproject.sushideliveryservice.OrderConfirmationController - "C'è disponibilità con gli orari!" - 12:15
