2023-03-27 00:39:00.926 [JavaFX Application Thread] DEBUG it.unipi.mainproject.sushideliveryservice.LoginController - login
2023-03-27 00:39:01.164 [Thread-3] DEBUG it.unipi.mainproject.sushideliveryservice.LoginController - "Login avvenuto con successo!"
2023-03-27 00:39:01.189 [JavaFX Application Thread] INFO  it.unipi.mainproject.sushideliveryservice.MenuController - Inizializzo la scene con utente: Username: Lorenzo mail: monacilorenzo@hotmail.com punti: 0
2023-03-27 00:39:02.676 [JavaFX Application Thread] INFO  it.unipi.mainproject.sushideliveryservice.MenuController - Scelta cena
2023-03-27 00:39:02.761 [Thread-4] INFO  it.unipi.mainproject.sushideliveryservice.DishTableController - "(Menu) Dati recuperati con successo!"
2023-03-27 00:39:02.764 [Thread-5] INFO  it.unipi.mainproject.sushideliveryservice.DishTableController - "(Preferiti) Dati recuperati con successo!"
2023-03-27 00:39:16.038 [Thread-6] INFO  it.unipi.mainproject.sushideliveryservice.DishTableController - "Dati inseriti correttamente!"
2023-03-27 00:39:17.916 [JavaFX Application Thread] INFO  it.unipi.mainproject.sushideliveryservice.DishTableController - 
Carrello: [20.2 €] [1 pts]
Username: Lorenzo mail: monacilorenzo@hotmail.com punti: 0
Piatto [24|Sushi Misto - 20 pezzi]
2023-03-27 00:39:20.451 [JavaFX Application Thread] INFO  it.unipi.mainproject.sushideliveryservice.DishTableController - 
Carrello: [28.5 €] [1 pts]
Username: Lorenzo mail: monacilorenzo@hotmail.com punti: 0
Piatto [24|Sushi Misto - 20 pezzi]
Piatto [29|Carpaccio Pesce Bianco]
2023-03-27 00:39:21.256 [JavaFX Application Thread] INFO  it.unipi.mainproject.sushideliveryservice.DishTableController - 
Carrello: [38.4 €] [2 pts]
Username: Lorenzo mail: monacilorenzo@hotmail.com punti: 0
Piatto [24|Sushi Misto - 20 pezzi]
Piatto [29|Carpaccio Pesce Bianco]
Piatto [30|Tataki Salmone]
2023-03-27 00:39:31.232 [Thread-7] INFO  it.unipi.mainproject.sushideliveryservice.OrderConfirmationController - "C'è disponibilità con gli orari!" - 20:00
2023-03-27 00:39:49.546 [JavaFX Application Thread] DEBUG it.unipi.mainproject.sushideliveryservice.OrderConfirmationController - Inserire un valore valido!
2023-03-27 00:40:03.233 [Thread-8] INFO  it.unipi.mainproject.sushideliveryservice.OrderConfirmationController - Ordine registrato, punti acquisiti: 2
2023-03-27 01:05:40.086 [JavaFX Application Thread] INFO  it.unipi.mainproject.sushideliveryservice.LoginController - register
2023-03-27 01:06:00.186 [Thread-3] INFO  it.unipi.mainproject.sushideliveryservice.RegisterController - Registrazione
2023-03-27 01:06:00.433 [Thread-3] INFO  it.unipi.mainproject.sushideliveryservice.RegisterController - "Utente registrato con successo!"
2023-03-27 01:06:27.214 [JavaFX Application Thread] INFO  it.unipi.mainproject.sushideliveryservice.LoginController - register
2023-03-27 01:06:48.207 [Thread-4] INFO  it.unipi.mainproject.sushideliveryservice.RegisterController - Registrazione
2023-03-27 01:06:48.284 [Thread-4] INFO  it.unipi.mainproject.sushideliveryservice.RegisterController - "Utente registrato con successo!"
2023-03-27 11:31:09.400 [JavaFX Application Thread] DEBUG it.unipi.mainproject.sushideliveryservice.LoginController - login
2023-03-27 11:31:09.646 [Thread-3] DEBUG it.unipi.mainproject.sushideliveryservice.LoginController - "Login avvenuto con successo!"
2023-03-27 11:31:09.669 [JavaFX Application Thread] INFO  it.unipi.mainproject.sushideliveryservice.MenuController - Inizializzo la scene con utente: Username: Lorenzo mail: monacilorenzo@hotmail.com punti: 0
2023-03-27 11:31:13.231 [JavaFX Application Thread] INFO  it.unipi.mainproject.sushideliveryservice.MenuController - Scelta cena
2023-03-27 11:31:13.306 [Thread-5] INFO  it.unipi.mainproject.sushideliveryservice.DishTableController - "(Preferiti) Dati recuperati con successo!"
2023-03-27 11:31:13.310 [Thread-4] INFO  it.unipi.mainproject.sushideliveryservice.DishTableController - "(Menu) Dati recuperati con successo!"
2023-03-27 11:31:14.772 [JavaFX Application Thread] INFO  it.unipi.mainproject.sushideliveryservice.DishTableController - 
Carrello: [4.4 €] [0 pts]
Username: Lorenzo mail: monacilorenzo@hotmail.com punti: 0
Piatto [2|Wakame]
2023-03-27 11:32:49.447 [Thread-6] INFO  it.unipi.mainproject.sushideliveryservice.OrderConfirmationController - "C'è disponibilità con gli orari!" - 19:45
2023-03-27 11:32:57.335 [Thread-7] INFO  it.unipi.mainproject.sushideliveryservice.OrderConfirmationController - Ordine registrato, punti acquisiti: 0
2023-03-27 12:45:49.187 [JavaFX Application Thread] DEBUG it.unipi.mainproject.sushideliveryservice.LoginController - login
2023-03-27 12:46:33.663 [Thread-3] DEBUG it.unipi.mainproject.sushideliveryservice.LoginController - "Login avvenuto con successo!"
2023-03-27 12:46:33.703 [JavaFX Application Thread] INFO  it.unipi.mainproject.sushideliveryservice.MenuController - Inizializzo la scene con utente: Username: Lorenzo mail: monacilorenzo@hotmail.com punti: 0
2023-03-27 16:40:16.829 [JavaFX Application Thread] DEBUG it.unipi.mainproject.sushideliveryservice.LoginController - login
2023-03-27 16:40:25.649 [Thread-3] DEBUG it.unipi.mainproject.sushideliveryservice.LoginController - "Login avvenuto con successo!"
2023-03-27 16:40:25.702 [JavaFX Application Thread] INFO  it.unipi.mainproject.sushideliveryservice.MenuController - Inizializzo la scene con utente: Username: Lorenzo mail: monacilorenzo@hotmail.com punti: 0
2023-03-27 16:40:27.937 [JavaFX Application Thread] INFO  it.unipi.mainproject.sushideliveryservice.MenuController - Scelta cena
2023-03-27 16:40:28.112 [Thread-4] INFO  it.unipi.mainproject.sushideliveryservice.DishTableController - "(Menu) Dati recuperati con successo!"
2023-03-27 16:40:41.329 [Thread-5] INFO  it.unipi.mainproject.sushideliveryservice.DishTableController - "(Preferiti) Dati recuperati con successo!"
2023-03-27 16:40:45.985 [JavaFX Application Thread] INFO  it.unipi.mainproject.sushideliveryservice.DishTableController - 
Carrello: [5.5 €] [0 pts]
Username: Lorenzo mail: monacilorenzo@hotmail.com punti: 0
Piatto [4|Involtini Ebi - 3 pezzi]
2023-03-27 16:40:46.940 [JavaFX Application Thread] INFO  it.unipi.mainproject.sushideliveryservice.DishTableController - 
Carrello: [12.1 €] [0 pts]
Username: Lorenzo mail: monacilorenzo@hotmail.com punti: 0
Piatto [4|Involtini Ebi - 3 pezzi]
Piatto [6|Tako seaweed]
2023-03-27 16:40:50.545 [Thread-6] INFO  it.unipi.mainproject.sushideliveryservice.OrderConfirmationController - "C'è disponibilità con gli orari!" - 19:45
2023-03-27 16:41:04.059 [Thread-7] INFO  it.unipi.mainproject.sushideliveryservice.OrderConfirmationController - Ordine registrato, punti acquisiti: 0
2023-03-27 17:17:15.347 [JavaFX Application Thread] DEBUG it.unipi.mainproject.sushideliveryservice.LoginController - login
2023-03-27 17:17:16.090 [Thread-3] DEBUG it.unipi.mainproject.sushideliveryservice.LoginController - "Login avvenuto con successo!"
2023-03-27 17:17:16.138 [JavaFX Application Thread] INFO  it.unipi.mainproject.sushideliveryservice.MenuController - Inizializzo la scene con utente: Username: test mail: test@testmail.com punti: 0
2023-03-27 17:17:19.220 [JavaFX Application Thread] INFO  it.unipi.mainproject.sushideliveryservice.MenuController - Scelta cena
2023-03-27 17:17:19.345 [Thread-5] INFO  it.unipi.mainproject.sushideliveryservice.DishTableController - "(Preferiti) Dati recuperati con successo!"
2023-03-27 17:17:19.353 [Thread-4] INFO  it.unipi.mainproject.sushideliveryservice.DishTableController - "(Menu) Dati recuperati con successo!"
2023-03-27 17:17:24.530 [JavaFX Application Thread] INFO  it.unipi.mainproject.sushideliveryservice.DishTableController - 
Carrello: [5.5 €] [0 pts]
Username: test mail: test@testmail.com punti: 0
Piatto [4|Involtini Ebi - 3 pezzi]
2023-03-27 17:17:25.202 [JavaFX Application Thread] INFO  it.unipi.mainproject.sushideliveryservice.DishTableController - 
Carrello: [13.0 €] [0 pts]
Username: test mail: test@testmail.com punti: 0
Piatto [4|Involtini Ebi - 3 pezzi]
Piatto [5|Misto Mare]
2023-03-27 17:17:26.501 [JavaFX Application Thread] INFO  it.unipi.mainproject.sushideliveryservice.DishTableController - 
Carrello: [16.3 €] [1 pts]
Username: test mail: test@testmail.com punti: 0
Piatto [4|Involtini Ebi - 3 pezzi]
Piatto [5|Misto Mare]
Piatto [7|Gyoza al vapore - 3 pezzi]
2023-03-27 17:17:30.356 [Thread-6] INFO  it.unipi.mainproject.sushideliveryservice.DishTableController - "Dati inseriti correttamente!"
2023-03-27 17:17:31.734 [Thread-7] INFO  it.unipi.mainproject.sushideliveryservice.DishTableController - "Dati inseriti correttamente!"
2023-03-27 17:17:34.455 [Thread-8] INFO  it.unipi.mainproject.sushideliveryservice.OrderConfirmationController - "C'è disponibilità con gli orari!" - 20:00
2023-03-27 17:17:44.549 [Thread-9] INFO  it.unipi.mainproject.sushideliveryservice.OrderConfirmationController - Ordine registrato, punti acquisiti: 1
2023-03-27 17:59:38.327 [JavaFX Application Thread] DEBUG it.unipi.mainproject.sushideliveryservice.LoginController - login
2023-03-27 17:59:38.445 [Thread-3] DEBUG it.unipi.mainproject.sushideliveryservice.LoginController - "Login avvenuto con successo!"
2023-03-27 17:59:38.464 [JavaFX Application Thread] INFO  it.unipi.mainproject.sushideliveryservice.MenuController - Inizializzo la scene con utente: Username: test mail: test@testmail.com punti: 1
2023-03-27 17:59:41.577 [JavaFX Application Thread] INFO  it.unipi.mainproject.sushideliveryservice.MenuController - Scelta cena
2023-03-27 17:59:41.638 [Thread-5] INFO  it.unipi.mainproject.sushideliveryservice.DishTableController - "(Preferiti) Dati recuperati con successo!"
2023-03-27 17:59:41.646 [Thread-4] INFO  it.unipi.mainproject.sushideliveryservice.DishTableController - "(Menu) Dati recuperati con successo!"
2023-03-27 17:59:49.987 [Thread-6] INFO  it.unipi.mainproject.sushideliveryservice.DishTableController - "Dati rimossi correttamente!"
2023-03-27 17:59:54.325 [Thread-7] INFO  it.unipi.mainproject.sushideliveryservice.DishTableController - "Dati inseriti correttamente!"
2023-03-27 17:59:55.330 [Thread-8] INFO  it.unipi.mainproject.sushideliveryservice.DishTableController - "Dati inseriti correttamente!"
2023-03-27 17:59:57.312 [JavaFX Application Thread] INFO  it.unipi.mainproject.sushideliveryservice.DishTableController - 
Carrello: [33.2 €] [2 pts]
Username: test mail: test@testmail.com punti: 1
Piatto [25|La Barca - 33 pezzi]
2023-03-27 18:00:05.582 [Thread-9] INFO  it.unipi.mainproject.sushideliveryservice.OrderConfirmationController - "C'è disponibilità con gli orari!" - 20:45
2023-03-27 18:00:49.318 [JavaFX Application Thread] DEBUG it.unipi.mainproject.sushideliveryservice.OrderConfirmationController - Inserire un valore valido!
2023-03-27 18:01:19.890 [Thread-10] INFO  it.unipi.mainproject.sushideliveryservice.OrderConfirmationController - Ordine registrato, punti acquisiti: 0
2023-03-27 18:12:18.731 [JavaFX Application Thread] DEBUG it.unipi.mainproject.sushideliveryservice.LoginController - login
2023-03-27 18:12:18.846 [Thread-3] DEBUG it.unipi.mainproject.sushideliveryservice.LoginController - "Login avvenuto con successo!"
2023-03-27 18:12:18.876 [JavaFX Application Thread] INFO  it.unipi.mainproject.sushideliveryservice.MenuController - Inizializzo la scene con utente: Username: test mail: test@testmail.com punti: 1
2023-03-27 18:12:20.571 [JavaFX Application Thread] INFO  it.unipi.mainproject.sushideliveryservice.MenuController - Scelta cena
2023-03-27 18:12:20.643 [Thread-5] INFO  it.unipi.mainproject.sushideliveryservice.DishTableController - "(Preferiti) Dati recuperati con successo!"
2023-03-27 18:12:20.644 [Thread-4] INFO  it.unipi.mainproject.sushideliveryservice.DishTableController - "(Menu) Dati recuperati con successo!"
2023-03-27 18:12:25.511 [JavaFX Application Thread] INFO  it.unipi.mainproject.sushideliveryservice.DishTableController - 
Carrello: [20.2 €] [1 pts]
Username: test mail: test@testmail.com punti: 1
Piatto [24|Sushi Misto - 20 pezzi]
2023-03-27 18:12:28.873 [Thread-6] INFO  it.unipi.mainproject.sushideliveryservice.OrderConfirmationController - "C'è disponibilità con gli orari!" - 20:30
2023-03-27 18:12:42.656 [JavaFX Application Thread] INFO  it.unipi.mainproject.sushideliveryservice.OrderConfirmationController - Valore non valido inserito
2023-03-27 18:13:10.176 [JavaFX Application Thread] INFO  it.unipi.mainproject.sushideliveryservice.OrderConfirmationController - Valore non valido inserito
2023-03-27 18:13:42.683 [JavaFX Application Thread] DEBUG it.unipi.mainproject.sushideliveryservice.LoginController - login
2023-03-27 18:13:42.800 [Thread-3] DEBUG it.unipi.mainproject.sushideliveryservice.LoginController - "Login avvenuto con successo!"
2023-03-27 18:13:42.830 [JavaFX Application Thread] INFO  it.unipi.mainproject.sushideliveryservice.MenuController - Inizializzo la scene con utente: Username: test mail: test@testmail.com punti: 1
2023-03-27 18:13:43.777 [JavaFX Application Thread] INFO  it.unipi.mainproject.sushideliveryservice.MenuController - Scelta cena
2023-03-27 18:13:43.856 [Thread-4] INFO  it.unipi.mainproject.sushideliveryservice.DishTableController - "(Menu) Dati recuperati con successo!"
2023-03-27 18:13:43.859 [Thread-5] INFO  it.unipi.mainproject.sushideliveryservice.DishTableController - "(Preferiti) Dati recuperati con successo!"
2023-03-27 18:13:45.626 [JavaFX Application Thread] INFO  it.unipi.mainproject.sushideliveryservice.DishTableController - 
Carrello: [7.3 €] [0 pts]
Username: test mail: test@testmail.com punti: 1
Piatto [10|Tartare sake avocado]
2023-03-27 18:13:55.732 [JavaFX Application Thread] INFO  it.unipi.mainproject.sushideliveryservice.OrderConfirmationController - Valore non valido inserito
2023-03-27 18:14:04.300 [JavaFX Application Thread] INFO  it.unipi.mainproject.sushideliveryservice.OrderConfirmationController - Valore non valido inserito
2023-03-27 18:14:28.362 [JavaFX Application Thread] INFO  it.unipi.mainproject.sushideliveryservice.OrderConfirmationController - Valore non valido inserito
2023-03-27 18:15:18.693 [Thread-6] INFO  it.unipi.mainproject.sushideliveryservice.OrderConfirmationController - "C'è disponibilità con gli orari!" - 20:00
2023-03-27 18:15:47.994 [Thread-7] INFO  it.unipi.mainproject.sushideliveryservice.OrderConfirmationController - Ordine registrato, punti acquisiti: -1
2023-03-27 18:17:52.187 [main] INFO  it.unipi.mainproject.sushideliveryservice.DBConnectionTest - OK
2023-03-27 18:17:52.193 [main] INFO  it.unipi.mainproject.sushideliveryservice.LoginControllerTest - OK
2023-03-27 18:23:40.189 [main] INFO  it.unipi.mainproject.sushideliveryservice.DBConnectionTest - OK
2023-03-27 18:23:40.193 [main] INFO  it.unipi.mainproject.sushideliveryservice.LoginControllerTest - OK
2023-03-27 18:24:41.737 [main] INFO  it.unipi.mainproject.sushideliveryservice.DBConnectionTest - OK
2023-03-27 18:24:41.741 [main] INFO  it.unipi.mainproject.sushideliveryservice.LoginControllerTest - OK
2023-03-27 18:25:08.368 [main] INFO  it.unipi.mainproject.sushideliveryservice.DBConnectionTest - OK
2023-03-27 18:25:08.373 [main] INFO  it.unipi.mainproject.sushideliveryservice.LoginControllerTest - OK
2023-03-27 19:01:35.057 [JavaFX Application Thread] DEBUG it.unipi.mainproject.sushideliveryservice.LoginController - login
2023-03-27 19:02:51.594 [Thread-3] ERROR it.unipi.mainproject.sushideliveryservice.LoginController - Server returned HTTP response code: 500 for URL: http://localhost:8080/user/login
2023-03-27 19:11:09.933 [JavaFX Application Thread] DEBUG it.unipi.mainproject.sushideliveryservice.LoginController - login
2023-03-27 19:12:16.747 [Thread-3] ERROR it.unipi.mainproject.sushideliveryservice.LoginController - Connection refused: connect
2023-03-27 19:12:34.597 [JavaFX Application Thread] DEBUG it.unipi.mainproject.sushideliveryservice.LoginController - login
2023-03-27 19:13:05.143 [Thread-4] DEBUG it.unipi.mainproject.sushideliveryservice.LoginController - "Login avvenuto con successo!"
2023-03-27 19:13:05.159 [JavaFX Application Thread] INFO  it.unipi.mainproject.sushideliveryservice.MenuController - Inizializzo la scene con utente: Username: test mail: test@testmail.com punti: 0
2023-03-27 19:13:10.596 [JavaFX Application Thread] DEBUG it.unipi.mainproject.sushideliveryservice.LoginController - login
2023-03-27 19:15:31.069 [Thread-5] DEBUG it.unipi.mainproject.sushideliveryservice.LoginController - "Login avvenuto con successo!"
2023-03-27 19:15:31.081 [JavaFX Application Thread] INFO  it.unipi.mainproject.sushideliveryservice.MenuController - Inizializzo la scene con utente: Username: test mail: test@testmail.com punti: 0
2023-03-27 19:15:49.118 [JavaFX Application Thread] DEBUG it.unipi.mainproject.sushideliveryservice.LoginController - login
2023-03-27 19:19:47.769 [Thread-6] DEBUG it.unipi.mainproject.sushideliveryservice.LoginController - "Login avvenuto con successo!"
2023-03-27 19:19:47.785 [JavaFX Application Thread] INFO  it.unipi.mainproject.sushideliveryservice.MenuController - Inizializzo la scene con utente: Username: test mail: test@testmail.com punti: 0
